<?xml version="1.0" encoding="UTF-8"?>
<!-- Generated by org.testng.reporters.JUnitReportReporter -->
<testsuite hostname="DESKTOP-GU91JBG" name="Academy.AddToCart" tests="1" failures="0" timestamp="11 Aug 2021 05:40:49 GMT" time="16.722" errors="0">
  <testcase name="validateAppTitle" time="16.722" classname="Academy.AddToCart"/>
</testsuite> <!-- Academy.AddToCart -->
