<?xml version="1.0" encoding="UTF-8"?>
<!-- Generated by org.testng.reporters.JUnitReportReporter -->
<testsuite hostname="DESKTOP-GU91JBG" name="Academy.ValidateNavigationBar" tests="1" failures="0" timestamp="20 Jul 2021 06:14:59 GMT" time="0.257" errors="0">
  <testcase name="validateAppTitle1" time="0.257" classname="Academy.ValidateNavigationBar"/>
</testsuite> <!-- Academy.ValidateNavigationBar -->
