<?xml version="1.0" encoding="UTF-8"?>
<!-- Generated by org.testng.reporters.JUnitReportReporter -->
<testsuite hostname="DESKTOP-GU91JBG" name="Academy.HomePage" tests="1" failures="0" timestamp="9 Aug 2021 07:53:08 GMT" time="2.731" errors="0">
  <testcase name="basePageNavigation" time="2.731" classname="Academy.HomePage"/>
</testsuite> <!-- Academy.HomePage -->
