<?xml version="1.0" encoding="UTF-8"?>
<!-- Generated by org.testng.reporters.JUnitReportReporter -->
<testsuite hostname="DESKTOP-GU91JBG" name="Academy.ValidateNavigationBar" tests="1" failures="0" timestamp="5 Jul 2021 08:11:22 GMT" time="0.135" errors="0">
  <testcase name="validateAppTitle1" time="0.135" classname="Academy.ValidateNavigationBar"/>
</testsuite> <!-- Academy.ValidateNavigationBar -->
