<?xml version="1.0" encoding="UTF-8"?>
<!-- Generated by org.testng.reporters.JUnitReportReporter -->
<testsuite hostname="DESKTOP-GU91JBG" name="Academy.OpenMenuButton" tests="1" failures="0" timestamp="11 Aug 2021 05:54:30 GMT" time="20.626" errors="0">
  <testcase name="validateAppTitle" time="20.626" classname="Academy.OpenMenuButton"/>
</testsuite> <!-- Academy.OpenMenuButton -->
