<?xml version="1.0" encoding="UTF-8"?>
<!-- Generated by org.testng.reporters.JUnitReportReporter -->
<testsuite hostname="DESKTOP-GU91JBG" name="Academy.HomePage" tests="1" failures="0" timestamp="11 Aug 2021 05:54:30 GMT" time="5.541" errors="0">
  <testcase name="basePageNavigation" time="5.541" classname="Academy.HomePage"/>
</testsuite> <!-- Academy.HomePage -->
