<?xml version="1.0" encoding="UTF-8"?>
<!-- Generated by org.testng.reporters.JUnitReportReporter -->
<testsuite hostname="DESKTOP-GU91JBG" name="Academy.ValidatePage" tests="1" failures="0" timestamp="5 Jul 2021 08:11:22 GMT" time="0.137" errors="0">
  <testcase name="validateAppTitle" time="0.137" classname="Academy.ValidatePage"/>
</testsuite> <!-- Academy.ValidatePage -->
