<?xml version="1.0" encoding="UTF-8"?>
<!-- Generated by org.testng.reporters.JUnitReportReporter -->
<testsuite hostname="DESKTOP-GU91JBG" name="Academy.AddToCart" tests="1" failures="0" timestamp="11 Aug 2021 05:54:30 GMT" time="15.913" errors="0">
  <testcase name="validateAppTitle" time="15.913" classname="Academy.AddToCart"/>
</testsuite> <!-- Academy.AddToCart -->
